[ 2016-07-22T07:15:59+08:00 ] ::1 /PHP-Object/index.php/Admin/Users/status
INFO: [ app_init ] --START--
INFO: Run Behavior\BuildLiteBehavior [ RunTime:0.000033s ]
INFO: [ app_init ] --END-- [ RunTime:0.001364s ]
INFO: [ app_begin ] --START--
INFO: Run Behavior\ReadHtmlCacheBehavior [ RunTime:0.001687s ]
INFO: [ app_begin ] --END-- [ RunTime:0.001865s ]
INFO: [ view_parse ] --START--
INFO: [ template_filter ] --START--
INFO: Run Behavior\ContentReplaceBehavior [ RunTime:0.000110s ]
INFO: [ template_filter ] --END-- [ RunTime:0.000190s ]
INFO: Run Behavior\ParseTemplateBehavior [ RunTime:0.021311s ]
INFO: [ view_parse ] --END-- [ RunTime:0.021459s ]
INFO: [ view_filter ] --START--
INFO: Run Behavior\WriteHtmlCacheBehavior [ RunTime:0.000641s ]
INFO: [ view_filter ] --END-- [ RunTime:0.000800s ]
INFO: [ app_end ] --START--
INFO: Run Behavior\ShowPageTraceBehavior [ RunTime:0.001545s ]
INFO: [ app_end ] --END-- [ RunTime:0.001704s ]

[ 2016-07-22T07:19:49+08:00 ] ::1 /PHP-Object/index.php/Admin/Users/status
INFO: [ app_init ] --START--
INFO: Run Behavior\BuildLiteBehavior [ RunTime:0.000033s ]
INFO: [ app_init ] --END-- [ RunTime:0.001379s ]
INFO: [ app_begin ] --START--
INFO: Run Behavior\ReadHtmlCacheBehavior [ RunTime:0.001838s ]
INFO: [ app_begin ] --END-- [ RunTime:0.002018s ]
INFO: [ view_parse ] --START--
INFO: [ template_filter ] --START--
INFO: Run Behavior\ContentReplaceBehavior [ RunTime:0.000115s ]
INFO: [ template_filter ] --END-- [ RunTime:0.000222s ]
INFO: Run Behavior\ParseTemplateBehavior [ RunTime:0.024151s ]
INFO: [ view_parse ] --END-- [ RunTime:0.024287s ]
INFO: [ view_filter ] --START--
INFO: Run Behavior\WriteHtmlCacheBehavior [ RunTime:0.000581s ]
INFO: [ view_filter ] --END-- [ RunTime:0.000654s ]
INFO: [ app_end ] --START--
INFO: Run Behavior\ShowPageTraceBehavior [ RunTime:0.001334s ]
INFO: [ app_end ] --END-- [ RunTime:0.001465s ]

[ 2016-07-22T07:32:53+08:00 ] ::1 /PHP-Object/index.php/Admin/Users/status
INFO: [ app_init ] --START--
INFO: Run Behavior\BuildLiteBehavior [ RunTime:0.000026s ]
INFO: [ app_init ] --END-- [ RunTime:0.001099s ]
INFO: [ app_begin ] --START--
INFO: Run Behavior\ReadHtmlCacheBehavior [ RunTime:0.001820s ]
INFO: [ app_begin ] --END-- [ RunTime:0.001966s ]
SQL: SHOW COLUMNS FROM `ctf_subject` [ RunTime:0.0027s ]
SQL: SELECT * FROM `ctf_subject`  [ RunTime:0.0021s ]
SQL: SELECT COUNT(pid) AS tp_Count FROM `ctf_subject` LIMIT 1   [ RunTime:0.0003s ]
INFO: [ view_parse ] --START--
INFO: [ template_filter ] --START--
INFO: Run Behavior\ContentReplaceBehavior [ RunTime:0.000094s ]
INFO: [ template_filter ] --END-- [ RunTime:0.000192s ]
INFO: Run Behavior\ParseTemplateBehavior [ RunTime:0.020611s ]
INFO: [ view_parse ] --END-- [ RunTime:0.020704s ]
INFO: [ view_filter ] --START--
INFO: Run Behavior\WriteHtmlCacheBehavior [ RunTime:0.000511s ]
INFO: [ view_filter ] --END-- [ RunTime:0.000593s ]
INFO: [ app_end ] --START--
INFO: Run Behavior\ShowPageTraceBehavior [ RunTime:0.001353s ]
INFO: [ app_end ] --END-- [ RunTime:0.001483s ]

[ 2016-07-22T07:33:07+08:00 ] ::1 /PHP-Object/index.php/Admin/Users/status
INFO: [ app_init ] --START--
INFO: Run Behavior\BuildLiteBehavior [ RunTime:0.000028s ]
INFO: [ app_init ] --END-- [ RunTime:0.000636s ]
INFO: [ app_begin ] --START--
INFO: Run Behavior\ReadHtmlCacheBehavior [ RunTime:0.000544s ]
INFO: [ app_begin ] --END-- [ RunTime:0.000610s ]
SQL: SHOW COLUMNS FROM `ctf_subject` [ RunTime:0.0014s ]
SQL: SELECT * FROM `ctf_subject`  [ RunTime:0.0005s ]
SQL: SELECT COUNT(pid) AS tp_Count FROM `ctf_subject` LIMIT 1   [ RunTime:0.0001s ]
INFO: [ view_parse ] --START--
INFO: [ template_filter ] --START--
INFO: Run Behavior\ContentReplaceBehavior [ RunTime:0.000113s ]
INFO: [ template_filter ] --END-- [ RunTime:0.000195s ]
INFO: Run Behavior\ParseTemplateBehavior [ RunTime:0.015870s ]
INFO: [ view_parse ] --END-- [ RunTime:0.015954s ]
INFO: [ view_filter ] --START--
INFO: Run Behavior\WriteHtmlCacheBehavior [ RunTime:0.000213s ]
INFO: [ view_filter ] --END-- [ RunTime:0.000273s ]
INFO: [ app_end ] --START--
INFO: Run Behavior\ShowPageTraceBehavior [ RunTime:0.002335s ]
INFO: [ app_end ] --END-- [ RunTime:0.002483s ]

[ 2016-07-22T07:34:01+08:00 ] ::1 /PHP-Object/index.php/Admin/Users/status
INFO: [ app_init ] --START--
INFO: Run Behavior\BuildLiteBehavior [ RunTime:0.000017s ]
INFO: [ app_init ] --END-- [ RunTime:0.000519s ]
INFO: [ app_begin ] --START--
INFO: Run Behavior\ReadHtmlCacheBehavior [ RunTime:0.001003s ]
INFO: [ app_begin ] --END-- [ RunTime:0.001131s ]
SQL: SHOW COLUMNS FROM `ctf_subject` [ RunTime:0.0025s ]
SQL: SELECT * FROM `ctf_subject`  [ RunTime:0.0036s ]
SQL: SELECT COUNT(pid) AS tp_Count FROM `ctf_subject` LIMIT 1   [ RunTime:0.0004s ]
INFO: [ view_parse ] --START--
INFO: [ template_filter ] --START--
INFO: Run Behavior\ContentReplaceBehavior [ RunTime:0.000086s ]
INFO: [ template_filter ] --END-- [ RunTime:0.000160s ]
INFO: Run Behavior\ParseTemplateBehavior [ RunTime:0.014978s ]
INFO: [ view_parse ] --END-- [ RunTime:0.015059s ]
INFO: [ view_filter ] --START--
INFO: Run Behavior\WriteHtmlCacheBehavior [ RunTime:0.000191s ]
INFO: [ view_filter ] --END-- [ RunTime:0.000246s ]
INFO: [ app_end ] --START--
INFO: Run Behavior\ShowPageTraceBehavior [ RunTime:0.000849s ]
INFO: [ app_end ] --END-- [ RunTime:0.000959s ]

[ 2016-07-22T07:34:11+08:00 ] ::1 /PHP-Object/index.php/Admin/Users/status
INFO: [ app_init ] --START--
INFO: Run Behavior\BuildLiteBehavior [ RunTime:0.000023s ]
INFO: [ app_init ] --END-- [ RunTime:0.000673s ]
INFO: [ app_begin ] --START--
INFO: Run Behavior\ReadHtmlCacheBehavior [ RunTime:0.000866s ]
INFO: [ app_begin ] --END-- [ RunTime:0.000971s ]
SQL: SHOW COLUMNS FROM `ctf_subject` [ RunTime:0.0015s ]
SQL: SELECT * FROM `ctf_subject`  [ RunTime:0.0003s ]
SQL: SELECT COUNT(pid) AS tp_Count FROM `ctf_subject` LIMIT 1   [ RunTime:0.0021s ]
INFO: [ view_parse ] --START--
INFO: [ template_filter ] --START--
INFO: Run Behavior\ContentReplaceBehavior [ RunTime:0.000096s ]
INFO: [ template_filter ] --END-- [ RunTime:0.000173s ]
INFO: Run Behavior\ParseTemplateBehavior [ RunTime:0.015328s ]
INFO: [ view_parse ] --END-- [ RunTime:0.015444s ]
INFO: [ view_filter ] --START--
INFO: Run Behavior\WriteHtmlCacheBehavior [ RunTime:0.000189s ]
INFO: [ view_filter ] --END-- [ RunTime:0.000243s ]
INFO: [ app_end ] --START--
INFO: Run Behavior\ShowPageTraceBehavior [ RunTime:0.001004s ]
INFO: [ app_end ] --END-- [ RunTime:0.001151s ]

[ 2016-07-22T07:40:01+08:00 ] ::1 /PHP-Object/index.php/Admin/Users/status
INFO: [ app_init ] --START--
INFO: Run Behavior\BuildLiteBehavior [ RunTime:0.000043s ]
INFO: [ app_init ] --END-- [ RunTime:0.001198s ]
INFO: [ app_begin ] --START--
INFO: Run Behavior\ReadHtmlCacheBehavior [ RunTime:0.001435s ]
INFO: [ app_begin ] --END-- [ RunTime:0.001570s ]
SQL: SHOW COLUMNS FROM `ctf_subject` [ RunTime:0.0032s ]
SQL: SELECT * FROM `ctf_subject`  [ RunTime:0.0004s ]
SQL: SELECT COUNT(pid) AS tp_Count FROM `ctf_subject` LIMIT 1   [ RunTime:0.0002s ]
INFO: [ view_parse ] --START--
INFO: [ template_filter ] --START--
INFO: Run Behavior\ContentReplaceBehavior [ RunTime:0.000104s ]
INFO: [ template_filter ] --END-- [ RunTime:0.000184s ]
INFO: Run Behavior\ParseTemplateBehavior [ RunTime:0.017437s ]
INFO: [ view_parse ] --END-- [ RunTime:0.017516s ]
INFO: [ view_filter ] --START--
INFO: Run Behavior\WriteHtmlCacheBehavior [ RunTime:0.000574s ]
INFO: [ view_filter ] --END-- [ RunTime:0.000674s ]
INFO: [ app_end ] --START--
INFO: Run Behavior\ShowPageTraceBehavior [ RunTime:0.001441s ]
INFO: [ app_end ] --END-- [ RunTime:0.001580s ]

[ 2016-07-22T07:41:01+08:00 ] ::1 /PHP-Object/index.php/Admin/Users/status
INFO: [ app_init ] --START--
INFO: Run Behavior\BuildLiteBehavior [ RunTime:0.000044s ]
INFO: [ app_init ] --END-- [ RunTime:0.001337s ]
INFO: [ app_begin ] --START--
INFO: Run Behavior\ReadHtmlCacheBehavior [ RunTime:0.001536s ]
INFO: [ app_begin ] --END-- [ RunTime:0.001689s ]
SQL: SHOW COLUMNS FROM `ctf_subject` [ RunTime:0.0027s ]
SQL: SELECT * FROM `ctf_subject`  [ RunTime:0.0004s ]
SQL: SELECT COUNT(pid) AS tp_Count FROM `ctf_subject` LIMIT 1   [ RunTime:0.0003s ]
INFO: [ view_parse ] --START--
INFO: [ template_filter ] --START--
INFO: Run Behavior\ContentReplaceBehavior [ RunTime:0.000102s ]
INFO: [ template_filter ] --END-- [ RunTime:0.000175s ]
INFO: Run Behavior\ParseTemplateBehavior [ RunTime:0.018257s ]
INFO: [ view_parse ] --END-- [ RunTime:0.018336s ]
INFO: [ view_filter ] --START--
INFO: Run Behavior\WriteHtmlCacheBehavior [ RunTime:0.000585s ]
INFO: [ view_filter ] --END-- [ RunTime:0.000671s ]
INFO: [ app_end ] --START--
INFO: Run Behavior\ShowPageTraceBehavior [ RunTime:0.001384s ]
INFO: [ app_end ] --END-- [ RunTime:0.001523s ]

[ 2016-07-22T07:41:52+08:00 ] ::1 /PHP-Object/index.php/Admin/Users/status
INFO: [ app_init ] --START--
INFO: Run Behavior\BuildLiteBehavior [ RunTime:0.000034s ]
INFO: [ app_init ] --END-- [ RunTime:0.001113s ]
INFO: [ app_begin ] --START--
INFO: Run Behavior\ReadHtmlCacheBehavior [ RunTime:0.001151s ]
INFO: [ app_begin ] --END-- [ RunTime:0.001272s ]
SQL: SHOW COLUMNS FROM `ctf_subject` [ RunTime:0.0032s ]
SQL: SELECT * FROM `ctf_subject`  [ RunTime:0.0005s ]
SQL: SELECT COUNT(pid) AS tp_Count FROM `ctf_subject` LIMIT 1   [ RunTime:0.0002s ]
INFO: [ view_parse ] --START--
INFO: [ template_filter ] --START--
INFO: Run Behavior\ContentReplaceBehavior [ RunTime:0.000066s ]
INFO: [ template_filter ] --END-- [ RunTime:0.000142s ]
INFO: Run Behavior\ParseTemplateBehavior [ RunTime:0.016856s ]
INFO: [ view_parse ] --END-- [ RunTime:0.016920s ]
INFO: [ view_filter ] --START--
INFO: Run Behavior\WriteHtmlCacheBehavior [ RunTime:0.000550s ]
INFO: [ view_filter ] --END-- [ RunTime:0.000638s ]
INFO: [ app_end ] --START--
INFO: Run Behavior\ShowPageTraceBehavior [ RunTime:0.001242s ]
INFO: [ app_end ] --END-- [ RunTime:0.001383s ]

[ 2016-07-22T07:45:35+08:00 ] ::1 /PHP-Object/index.php/Admin/Users/status
INFO: [ app_init ] --START--
INFO: Run Behavior\BuildLiteBehavior [ RunTime:0.000036s ]
INFO: [ app_init ] --END-- [ RunTime:0.001180s ]
INFO: [ app_begin ] --START--
INFO: Run Behavior\ReadHtmlCacheBehavior [ RunTime:0.001442s ]
INFO: [ app_begin ] --END-- [ RunTime:0.001611s ]
SQL: SHOW COLUMNS FROM `ctf_subject` [ RunTime:0.0025s ]
SQL: SELECT * FROM `ctf_subject`  [ RunTime:0.0005s ]
SQL: SELECT COUNT(pid) AS tp_Count FROM `ctf_subject` LIMIT 1   [ RunTime:0.0003s ]
INFO: [ view_parse ] --START--
INFO: [ template_filter ] --START--
INFO: Run Behavior\ContentReplaceBehavior [ RunTime:0.000099s ]
INFO: [ template_filter ] --END-- [ RunTime:0.000219s ]
INFO: Run Behavior\ParseTemplateBehavior [ RunTime:0.017049s ]
INFO: [ view_parse ] --END-- [ RunTime:0.017146s ]
INFO: [ view_filter ] --START--
INFO: Run Behavior\WriteHtmlCacheBehavior [ RunTime:0.000604s ]
INFO: [ view_filter ] --END-- [ RunTime:0.000721s ]
INFO: [ app_end ] --START--
INFO: Run Behavior\ShowPageTraceBehavior [ RunTime:0.006891s ]
INFO: [ app_end ] --END-- [ RunTime:0.007029s ]

[ 2016-07-22T07:46:16+08:00 ] ::1 /PHP-Object/index.php/Admin/Users/status
INFO: [ app_init ] --START--
INFO: Run Behavior\BuildLiteBehavior [ RunTime:0.000016s ]
INFO: [ app_init ] --END-- [ RunTime:0.000372s ]
INFO: [ app_begin ] --START--
INFO: Run Behavior\ReadHtmlCacheBehavior [ RunTime:0.000484s ]
INFO: [ app_begin ] --END-- [ RunTime:0.000546s ]
SQL: SHOW COLUMNS FROM `ctf_subject` [ RunTime:0.0098s ]
SQL: SELECT * FROM `ctf_subject`  [ RunTime:0.0007s ]
SQL: SELECT COUNT(pid) AS tp_Count FROM `ctf_subject` LIMIT 1   [ RunTime:0.0003s ]
INFO: [ view_parse ] --START--
INFO: [ template_filter ] --START--
INFO: Run Behavior\ContentReplaceBehavior [ RunTime:0.000074s ]
INFO: [ template_filter ] --END-- [ RunTime:0.000149s ]
INFO: Run Behavior\ParseTemplateBehavior [ RunTime:0.017095s ]
INFO: [ view_parse ] --END-- [ RunTime:0.017235s ]
INFO: [ view_filter ] --START--
INFO: Run Behavior\WriteHtmlCacheBehavior [ RunTime:0.000328s ]
INFO: [ view_filter ] --END-- [ RunTime:0.000431s ]
INFO: [ app_end ] --START--
INFO: Run Behavior\ShowPageTraceBehavior [ RunTime:0.001237s ]
INFO: [ app_end ] --END-- [ RunTime:0.001412s ]

[ 2016-07-22T07:46:59+08:00 ] ::1 /PHP-Object/index.php/Admin/Users/status
INFO: [ app_init ] --START--
INFO: Run Behavior\BuildLiteBehavior [ RunTime:0.000038s ]
INFO: [ app_init ] --END-- [ RunTime:0.001219s ]
INFO: [ app_begin ] --START--
INFO: Run Behavior\ReadHtmlCacheBehavior [ RunTime:0.001356s ]
INFO: [ app_begin ] --END-- [ RunTime:0.001498s ]
SQL: SHOW COLUMNS FROM `ctf_subject` [ RunTime:0.0026s ]
SQL: SELECT * FROM `ctf_subject`  [ RunTime:0.0005s ]
SQL: SELECT COUNT(pid) AS tp_Count FROM `ctf_subject` LIMIT 1   [ RunTime:0.0003s ]
INFO: [ view_parse ] --START--
INFO: [ template_filter ] --START--
INFO: Run Behavior\ContentReplaceBehavior [ RunTime:0.000067s ]
INFO: [ template_filter ] --END-- [ RunTime:0.000141s ]
INFO: Run Behavior\ParseTemplateBehavior [ RunTime:0.015515s ]
INFO: [ view_parse ] --END-- [ RunTime:0.015623s ]
INFO: [ view_filter ] --START--
INFO: Run Behavior\WriteHtmlCacheBehavior [ RunTime:0.000691s ]
INFO: [ view_filter ] --END-- [ RunTime:0.000811s ]
INFO: [ app_end ] --START--
INFO: Run Behavior\ShowPageTraceBehavior [ RunTime:0.001287s ]
INFO: [ app_end ] --END-- [ RunTime:0.001436s ]

[ 2016-07-22T07:50:42+08:00 ] ::1 /PHP-Object/index.php/Admin/Users/index
INFO: [ app_init ] --START--
INFO: Run Behavior\BuildLiteBehavior [ RunTime:0.000034s ]
INFO: [ app_init ] --END-- [ RunTime:0.001134s ]
INFO: [ app_begin ] --START--
INFO: Run Behavior\ReadHtmlCacheBehavior [ RunTime:0.001540s ]
INFO: [ app_begin ] --END-- [ RunTime:0.001684s ]
SQL: SHOW COLUMNS FROM `ctf_users` [ RunTime:0.0042s ]
SQL: SELECT * FROM `ctf_users`  [ RunTime:0.0006s ]
SQL: SELECT COUNT(*) AS tp_Count FROM `ctf_users` LIMIT 1   [ RunTime:0.0002s ]
NOTIC: [8] Undefined variable: char /Users/bingdaojueai/sixwhale/PHP-Object/Application/Admin/Controller/UsersController.class.php 第 49 行.
NOTIC: [8] Undefined variable: str /Users/bingdaojueai/sixwhale/PHP-Object/Application/Admin/Controller/UsersController.class.php 第 56 行.
NOTIC: [8] Undefined variable: char /Users/bingdaojueai/sixwhale/PHP-Object/Application/Admin/Controller/UsersController.class.php 第 49 行.
NOTIC: [8] Undefined variable: str /Users/bingdaojueai/sixwhale/PHP-Object/Application/Admin/Controller/UsersController.class.php 第 56 行.
NOTIC: [8] Undefined variable: char /Users/bingdaojueai/sixwhale/PHP-Object/Application/Admin/Controller/UsersController.class.php 第 49 行.
NOTIC: [8] Undefined variable: str /Users/bingdaojueai/sixwhale/PHP-Object/Application/Admin/Controller/UsersController.class.php 第 56 行.
NOTIC: [8] Undefined variable: char /Users/bingdaojueai/sixwhale/PHP-Object/Application/Admin/Controller/UsersController.class.php 第 49 行.
NOTIC: [8] Undefined variable: str /Users/bingdaojueai/sixwhale/PHP-Object/Application/Admin/Controller/UsersController.class.php 第 56 行.
NOTIC: [8] Undefined variable: char /Users/bingdaojueai/sixwhale/PHP-Object/Application/Admin/Controller/UsersController.class.php 第 49 行.
NOTIC: [8] Undefined variable: str /Users/bingdaojueai/sixwhale/PHP-Object/Application/Admin/Controller/UsersController.class.php 第 56 行.
NOTIC: [8] Undefined variable: char /Users/bingdaojueai/sixwhale/PHP-Object/Application/Admin/Controller/UsersController.class.php 第 49 行.
NOTIC: [8] Undefined variable: str /Users/bingdaojueai/sixwhale/PHP-Object/Application/Admin/Controller/UsersController.class.php 第 56 行.
NOTIC: [8] Undefined variable: char /Users/bingdaojueai/sixwhale/PHP-Object/Application/Admin/Controller/UsersController.class.php 第 49 行.
NOTIC: [8] Undefined variable: str /Users/bingdaojueai/sixwhale/PHP-Object/Application/Admin/Controller/UsersController.class.php 第 56 行.
NOTIC: [8] Undefined variable: char /Users/bingdaojueai/sixwhale/PHP-Object/Application/Admin/Controller/UsersController.class.php 第 49 行.
NOTIC: [8] Undefined variable: str /Users/bingdaojueai/sixwhale/PHP-Object/Application/Admin/Controller/UsersController.class.php 第 56 行.
NOTIC: [8] Undefined variable: char /Users/bingdaojueai/sixwhale/PHP-Object/Application/Admin/Controller/UsersController.class.php 第 49 行.
NOTIC: [8] Undefined variable: str /Users/bingdaojueai/sixwhale/PHP-Object/Application/Admin/Controller/UsersController.class.php 第 56 行.
NOTIC: [8] Undefined variable: char /Users/bingdaojueai/sixwhale/PHP-Object/Application/Admin/Controller/UsersController.class.php 第 49 行.
NOTIC: [8] Undefined variable: str /Users/bingdaojueai/sixwhale/PHP-Object/Application/Admin/Controller/UsersController.class.php 第 56 行.
NOTIC: [8] Undefined variable: char /Users/bingdaojueai/sixwhale/PHP-Object/Application/Admin/Controller/UsersController.class.php 第 49 行.
NOTIC: [8] Undefined variable: str /Users/bingdaojueai/sixwhale/PHP-Object/Application/Admin/Controller/UsersController.class.php 第 56 行.
INFO: [ view_parse ] --START--
INFO: [ template_filter ] --START--
INFO: Run Behavior\ContentReplaceBehavior [ RunTime:0.000104s ]
INFO: [ template_filter ] --END-- [ RunTime:0.000179s ]
INFO: Run Behavior\ParseTemplateBehavior [ RunTime:0.022033s ]
INFO: [ view_parse ] --END-- [ RunTime:0.022141s ]
INFO: [ view_filter ] --START--
INFO: Run Behavior\WriteHtmlCacheBehavior [ RunTime:0.000563s ]
INFO: [ view_filter ] --END-- [ RunTime:0.000659s ]
INFO: [ app_end ] --START--
INFO: Run Behavior\ShowPageTraceBehavior [ RunTime:0.001809s ]
INFO: [ app_end ] --END-- [ RunTime:0.001992s ]

[ 2016-07-22T15:49:56+08:00 ] ::1 /PHP-Object/index.php/Admin/
INFO: [ app_init ] --START--
INFO: Run Behavior\BuildLiteBehavior [ RunTime:0.000025s ]
INFO: [ app_init ] --END-- [ RunTime:0.000612s ]
INFO: [ app_begin ] --START--
INFO: Run Behavior\ReadHtmlCacheBehavior [ RunTime:0.001319s ]
INFO: [ app_begin ] --END-- [ RunTime:0.001460s ]
INFO: [ view_parse ] --START--
INFO: [ template_filter ] --START--
INFO: Run Behavior\ContentReplaceBehavior [ RunTime:0.000058s ]
INFO: [ template_filter ] --END-- [ RunTime:0.000147s ]
INFO: Run Behavior\ParseTemplateBehavior [ RunTime:0.010975s ]
INFO: [ view_parse ] --END-- [ RunTime:0.011088s ]
INFO: [ view_filter ] --START--
INFO: Run Behavior\WriteHtmlCacheBehavior [ RunTime:0.000191s ]
INFO: [ view_filter ] --END-- [ RunTime:0.000259s ]

[ 2016-07-22T15:49:59+08:00 ] ::1 /PHP-Object/index.php/Admin/Login/login
INFO: [ app_init ] --START--
INFO: Run Behavior\BuildLiteBehavior [ RunTime:0.000017s ]
INFO: [ app_init ] --END-- [ RunTime:0.000376s ]
INFO: [ app_begin ] --START--
INFO: Run Behavior\ReadHtmlCacheBehavior [ RunTime:0.000503s ]
INFO: [ app_begin ] --END-- [ RunTime:0.000564s ]
INFO: [ view_parse ] --START--
INFO: [ template_filter ] --START--
INFO: Run Behavior\ContentReplaceBehavior [ RunTime:0.000067s ]
INFO: [ template_filter ] --END-- [ RunTime:0.000162s ]
INFO: Run Behavior\ParseTemplateBehavior [ RunTime:0.025640s ]
INFO: [ view_parse ] --END-- [ RunTime:0.025738s ]
INFO: [ view_filter ] --START--
INFO: Run Behavior\WriteHtmlCacheBehavior [ RunTime:0.000165s ]
INFO: [ view_filter ] --END-- [ RunTime:0.000215s ]
INFO: [ app_end ] --START--
INFO: Run Behavior\ShowPageTraceBehavior [ RunTime:0.000534s ]
INFO: [ app_end ] --END-- [ RunTime:0.000593s ]

[ 2016-07-22T15:50:08+08:00 ] ::1 /PHP-Object/index.php/Admin/Login/login
INFO: [ app_init ] --START--
INFO: Run Behavior\BuildLiteBehavior [ RunTime:0.000033s ]
INFO: [ app_init ] --END-- [ RunTime:0.000748s ]
INFO: [ app_begin ] --START--
INFO: Run Behavior\ReadHtmlCacheBehavior [ RunTime:0.000625s ]
INFO: [ app_begin ] --END-- [ RunTime:0.000710s ]
SQL: SHOW COLUMNS FROM `ctf_admin` [ RunTime:0.0217s ]
NOTIC: [8] Undefined index: validate /Users/bingdaojueai/sixwhale/PHP-Object/ThinkPHP/Library/Think/Model.class.php 第 1185 行.
NOTIC: [8] Undefined index: auto /Users/bingdaojueai/sixwhale/PHP-Object/ThinkPHP/Library/Think/Model.class.php 第 1128 行.
NOTIC: [8] Undefined variable: char /Users/bingdaojueai/sixwhale/PHP-Object/Application/Admin/Model/LoginModel.class.php 第 45 行.
NOTIC: [8] Undefined variable: str /Users/bingdaojueai/sixwhale/PHP-Object/Application/Admin/Model/LoginModel.class.php 第 49 行.
SQL: SELECT `aid`,`aname`,`apassword`,`alastdate`,`alastip` FROM `ctf_admin` WHERE `aname` = 'root@rw3b' LIMIT 1   [ RunTime:0.0064s ]
SQL: SHOW COLUMNS FROM `ctf_users` [ RunTime:0.0045s ]
INFO: [ view_parse ] --START--
INFO: [ template_filter ] --START--
INFO: Run Behavior\ContentReplaceBehavior [ RunTime:0.000110s ]
INFO: [ template_filter ] --END-- [ RunTime:0.000255s ]
INFO: Run Behavior\ParseTemplateBehavior [ RunTime:0.011862s ]
INFO: [ view_parse ] --END-- [ RunTime:0.011994s ]
INFO: [ view_filter ] --START--
INFO: Run Behavior\WriteHtmlCacheBehavior [ RunTime:0.000300s ]
INFO: [ view_filter ] --END-- [ RunTime:0.000399s ]
INFO: [ app_end ] --START--
INFO: Run Behavior\ShowPageTraceBehavior [ RunTime:0.001058s ]
INFO: [ app_end ] --END-- [ RunTime:0.001170s ]

[ 2016-07-22T15:50:09+08:00 ] ::1 /PHP-Object/index.php/Admin/Index/index
INFO: [ app_init ] --START--
INFO: Run Behavior\BuildLiteBehavior [ RunTime:0.000016s ]
INFO: [ app_init ] --END-- [ RunTime:0.000369s ]
INFO: [ app_begin ] --START--
INFO: Run Behavior\ReadHtmlCacheBehavior [ RunTime:0.000508s ]
INFO: [ app_begin ] --END-- [ RunTime:0.000568s ]
INFO: [ view_parse ] --START--
INFO: [ template_filter ] --START--
INFO: Run Behavior\ContentReplaceBehavior [ RunTime:0.000084s ]
INFO: [ template_filter ] --END-- [ RunTime:0.000187s ]
NOTIC: [8] Undefined variable: SERVER_SOFTWARE /Users/bingdaojueai/sixwhale/PHP-Object/Application/Runtime/Cache/Admin/b595b808c2ebeeeb0478ffc30bb4e87a.php 第 165 行.
NOTIC: [8192] mysql_get_server_info(): The mysql extension is deprecated and will be removed in the future: use mysqli or PDO instead /Users/bingdaojueai/sixwhale/PHP-Object/Application/Runtime/Cache/Admin/b595b808c2ebeeeb0478ffc30bb4e87a.php 第 166 行.
INFO: Run Behavior\ParseTemplateBehavior [ RunTime:0.025016s ]
INFO: [ view_parse ] --END-- [ RunTime:0.025114s ]
INFO: [ view_filter ] --START--
INFO: Run Behavior\WriteHtmlCacheBehavior [ RunTime:0.000275s ]
INFO: [ view_filter ] --END-- [ RunTime:0.000349s ]
INFO: [ app_end ] --START--
INFO: Run Behavior\ShowPageTraceBehavior [ RunTime:0.001045s ]
INFO: [ app_end ] --END-- [ RunTime:0.001177s ]

[ 2016-07-22T15:50:22+08:00 ] ::1 /PHP-Object/index.php/Admin/Users/index
INFO: [ app_init ] --START--
INFO: Run Behavior\BuildLiteBehavior [ RunTime:0.000023s ]
INFO: [ app_init ] --END-- [ RunTime:0.000533s ]
INFO: [ app_begin ] --START--
INFO: Run Behavior\ReadHtmlCacheBehavior [ RunTime:0.000562s ]
INFO: [ app_begin ] --END-- [ RunTime:0.000629s ]
SQL: SHOW COLUMNS FROM `ctf_users` [ RunTime:0.0016s ]
SQL: SELECT * FROM `ctf_users`  [ RunTime:0.0005s ]
SQL: SELECT COUNT(*) AS tp_Count FROM `ctf_users` LIMIT 1   [ RunTime:0.0010s ]
NOTIC: [8] Undefined variable: char /Users/bingdaojueai/sixwhale/PHP-Object/Application/Admin/Controller/UsersController.class.php 第 49 行.
NOTIC: [8] Undefined variable: str /Users/bingdaojueai/sixwhale/PHP-Object/Application/Admin/Controller/UsersController.class.php 第 56 行.
NOTIC: [8] Undefined variable: char /Users/bingdaojueai/sixwhale/PHP-Object/Application/Admin/Controller/UsersController.class.php 第 49 行.
NOTIC: [8] Undefined variable: str /Users/bingdaojueai/sixwhale/PHP-Object/Application/Admin/Controller/UsersController.class.php 第 56 行.
NOTIC: [8] Undefined variable: char /Users/bingdaojueai/sixwhale/PHP-Object/Application/Admin/Controller/UsersController.class.php 第 49 行.
NOTIC: [8] Undefined variable: str /Users/bingdaojueai/sixwhale/PHP-Object/Application/Admin/Controller/UsersController.class.php 第 56 行.
NOTIC: [8] Undefined variable: char /Users/bingdaojueai/sixwhale/PHP-Object/Application/Admin/Controller/UsersController.class.php 第 49 行.
NOTIC: [8] Undefined variable: str /Users/bingdaojueai/sixwhale/PHP-Object/Application/Admin/Controller/UsersController.class.php 第 56 行.
NOTIC: [8] Undefined variable: char /Users/bingdaojueai/sixwhale/PHP-Object/Application/Admin/Controller/UsersController.class.php 第 49 行.
NOTIC: [8] Undefined variable: str /Users/bingdaojueai/sixwhale/PHP-Object/Application/Admin/Controller/UsersController.class.php 第 56 行.
NOTIC: [8] Undefined variable: char /Users/bingdaojueai/sixwhale/PHP-Object/Application/Admin/Controller/UsersController.class.php 第 49 行.
NOTIC: [8] Undefined variable: str /Users/bingdaojueai/sixwhale/PHP-Object/Application/Admin/Controller/UsersController.class.php 第 56 行.
NOTIC: [8] Undefined variable: char /Users/bingdaojueai/sixwhale/PHP-Object/Application/Admin/Controller/UsersController.class.php 第 49 行.
NOTIC: [8] Undefined variable: str /Users/bingdaojueai/sixwhale/PHP-Object/Application/Admin/Controller/UsersController.class.php 第 56 行.
NOTIC: [8] Undefined variable: char /Users/bingdaojueai/sixwhale/PHP-Object/Application/Admin/Controller/UsersController.class.php 第 49 行.
NOTIC: [8] Undefined variable: str /Users/bingdaojueai/sixwhale/PHP-Object/Application/Admin/Controller/UsersController.class.php 第 56 行.
NOTIC: [8] Undefined variable: char /Users/bingdaojueai/sixwhale/PHP-Object/Application/Admin/Controller/UsersController.class.php 第 49 行.
NOTIC: [8] Undefined variable: str /Users/bingdaojueai/sixwhale/PHP-Object/Application/Admin/Controller/UsersController.class.php 第 56 行.
NOTIC: [8] Undefined variable: char /Users/bingdaojueai/sixwhale/PHP-Object/Application/Admin/Controller/UsersController.class.php 第 49 行.
NOTIC: [8] Undefined variable: str /Users/bingdaojueai/sixwhale/PHP-Object/Application/Admin/Controller/UsersController.class.php 第 56 行.
NOTIC: [8] Undefined variable: char /Users/bingdaojueai/sixwhale/PHP-Object/Application/Admin/Controller/UsersController.class.php 第 49 行.
NOTIC: [8] Undefined variable: str /Users/bingdaojueai/sixwhale/PHP-Object/Application/Admin/Controller/UsersController.class.php 第 56 行.
INFO: [ view_parse ] --START--
INFO: [ template_filter ] --START--
INFO: Run Behavior\ContentReplaceBehavior [ RunTime:0.000176s ]
INFO: [ template_filter ] --END-- [ RunTime:0.000315s ]
INFO: Run Behavior\ParseTemplateBehavior [ RunTime:0.017910s ]
INFO: [ view_parse ] --END-- [ RunTime:0.018030s ]
INFO: [ view_filter ] --START--
INFO: Run Behavior\WriteHtmlCacheBehavior [ RunTime:0.000312s ]
INFO: [ view_filter ] --END-- [ RunTime:0.000407s ]
INFO: [ app_end ] --START--
INFO: Run Behavior\ShowPageTraceBehavior [ RunTime:0.001574s ]
INFO: [ app_end ] --END-- [ RunTime:0.001765s ]

[ 2016-07-22T15:50:24+08:00 ] ::1 /PHP-Object/index.php/Admin/Users/rank
INFO: [ app_init ] --START--
INFO: Run Behavior\BuildLiteBehavior [ RunTime:0.000017s ]
INFO: [ app_init ] --END-- [ RunTime:0.000375s ]
INFO: [ app_begin ] --START--
INFO: Run Behavior\ReadHtmlCacheBehavior [ RunTime:0.000484s ]
INFO: [ app_begin ] --END-- [ RunTime:0.000544s ]
SQL: SHOW COLUMNS FROM `ctf_result` [ RunTime:0.0034s ]
SQL: SELECT * FROM `ctf_result` ORDER BY allscore desc  [ RunTime:0.0009s ]
SQL: SELECT COUNT(*) AS tp_Count FROM `ctf_result` LIMIT 1   [ RunTime:0.0003s ]
NOTIC: [8] Undefined offset: 11 /Users/bingdaojueai/sixwhale/PHP-Object/Application/Admin/Controller/UsersController.class.php 第 25 行.
INFO: [ view_parse ] --START--
INFO: [ template_filter ] --START--
INFO: Run Behavior\ContentReplaceBehavior [ RunTime:0.000094s ]
INFO: [ template_filter ] --END-- [ RunTime:0.000186s ]
INFO: Run Behavior\ParseTemplateBehavior [ RunTime:0.013051s ]
INFO: [ view_parse ] --END-- [ RunTime:0.013131s ]
INFO: [ view_filter ] --START--
INFO: Run Behavior\WriteHtmlCacheBehavior [ RunTime:0.000157s ]
INFO: [ view_filter ] --END-- [ RunTime:0.000210s ]
INFO: [ app_end ] --START--
INFO: Run Behavior\ShowPageTraceBehavior [ RunTime:0.000732s ]
INFO: [ app_end ] --END-- [ RunTime:0.000827s ]

[ 2016-07-22T15:50:27+08:00 ] ::1 /PHP-Object/index.php/Admin/Users/status
INFO: [ app_init ] --START--
INFO: Run Behavior\BuildLiteBehavior [ RunTime:0.000018s ]
INFO: [ app_init ] --END-- [ RunTime:0.000384s ]
INFO: [ app_begin ] --START--
INFO: Run Behavior\ReadHtmlCacheBehavior [ RunTime:0.000493s ]
INFO: [ app_begin ] --END-- [ RunTime:0.000552s ]
SQL: SHOW COLUMNS FROM `ctf_subject` [ RunTime:0.0118s ]
SQL: SELECT * FROM `ctf_subject`  [ RunTime:0.0005s ]
SQL: SELECT COUNT(pid) AS tp_Count FROM `ctf_subject` LIMIT 1   [ RunTime:0.0002s ]
INFO: [ view_parse ] --START--
INFO: [ template_filter ] --START--
INFO: Run Behavior\ContentReplaceBehavior [ RunTime:0.000072s ]
INFO: [ template_filter ] --END-- [ RunTime:0.000154s ]
INFO: Run Behavior\ParseTemplateBehavior [ RunTime:0.017090s ]
INFO: [ view_parse ] --END-- [ RunTime:0.017196s ]
INFO: [ view_filter ] --START--
INFO: Run Behavior\WriteHtmlCacheBehavior [ RunTime:0.000202s ]
INFO: [ view_filter ] --END-- [ RunTime:0.000261s ]
INFO: [ app_end ] --START--
INFO: Run Behavior\ShowPageTraceBehavior [ RunTime:0.000937s ]
INFO: [ app_end ] --END-- [ RunTime:0.001062s ]

[ 2016-07-22T18:08:24+08:00 ] ::1 /PHP-Object/index.php/Admin/Users/rank
INFO: [ app_init ] --START--
INFO: Run Behavior\BuildLiteBehavior [ RunTime:0.000040s ]
INFO: [ app_init ] --END-- [ RunTime:0.001402s ]
INFO: [ app_begin ] --START--
INFO: Run Behavior\ReadHtmlCacheBehavior [ RunTime:0.001394s ]
INFO: [ app_begin ] --END-- [ RunTime:0.001534s ]
INFO: [ view_parse ] --START--
INFO: [ template_filter ] --START--
INFO: Run Behavior\ContentReplaceBehavior [ RunTime:0.000154s ]
INFO: [ template_filter ] --END-- [ RunTime:0.000268s ]
INFO: Run Behavior\ParseTemplateBehavior [ RunTime:0.014346s ]
INFO: [ view_parse ] --END-- [ RunTime:0.014488s ]
INFO: [ view_filter ] --START--
INFO: Run Behavior\WriteHtmlCacheBehavior [ RunTime:0.000622s ]
INFO: [ view_filter ] --END-- [ RunTime:0.000730s ]

[ 2016-07-22T18:08:27+08:00 ] ::1 /PHP-Object/index.php/Admin/Login/login
INFO: [ app_init ] --START--
INFO: Run Behavior\BuildLiteBehavior [ RunTime:0.000016s ]
INFO: [ app_init ] --END-- [ RunTime:0.000370s ]
INFO: [ app_begin ] --START--
INFO: Run Behavior\ReadHtmlCacheBehavior [ RunTime:0.000485s ]
INFO: [ app_begin ] --END-- [ RunTime:0.000545s ]
INFO: [ view_parse ] --START--
INFO: [ template_filter ] --START--
INFO: Run Behavior\ContentReplaceBehavior [ RunTime:0.000061s ]
INFO: [ template_filter ] --END-- [ RunTime:0.000138s ]
INFO: Run Behavior\ParseTemplateBehavior [ RunTime:0.022782s ]
INFO: [ view_parse ] --END-- [ RunTime:0.022878s ]
INFO: [ view_filter ] --START--
INFO: Run Behavior\WriteHtmlCacheBehavior [ RunTime:0.000150s ]
INFO: [ view_filter ] --END-- [ RunTime:0.000200s ]
INFO: [ app_end ] --START--
INFO: Run Behavior\ShowPageTraceBehavior [ RunTime:0.000902s ]
INFO: [ app_end ] --END-- [ RunTime:0.000963s ]

[ 2016-07-22T18:08:37+08:00 ] ::1 /PHP-Object/index.php/Admin/Login/login
INFO: [ app_init ] --START--
INFO: Run Behavior\BuildLiteBehavior [ RunTime:0.000026s ]
INFO: [ app_init ] --END-- [ RunTime:0.000522s ]
INFO: [ app_begin ] --START--
INFO: Run Behavior\ReadHtmlCacheBehavior [ RunTime:0.000549s ]
INFO: [ app_begin ] --END-- [ RunTime:0.000617s ]
SQL: SHOW COLUMNS FROM `ctf_admin` [ RunTime:0.0021s ]
NOTIC: [8] Undefined index: validate /Users/bingdaojueai/sixwhale/PHP-Object/ThinkPHP/Library/Think/Model.class.php 第 1185 行.
NOTIC: [8] Undefined index: auto /Users/bingdaojueai/sixwhale/PHP-Object/ThinkPHP/Library/Think/Model.class.php 第 1128 行.
NOTIC: [8] Undefined variable: char /Users/bingdaojueai/sixwhale/PHP-Object/Application/Admin/Model/LoginModel.class.php 第 45 行.
NOTIC: [8] Undefined variable: str /Users/bingdaojueai/sixwhale/PHP-Object/Application/Admin/Model/LoginModel.class.php 第 49 行.
SQL: SELECT `aid`,`aname`,`apassword`,`alastdate`,`alastip` FROM `ctf_admin` WHERE `aname` = 'root@rw3b' LIMIT 1   [ RunTime:0.0007s ]
SQL: SHOW COLUMNS FROM `ctf_users` [ RunTime:0.0021s ]
INFO: [ view_parse ] --START--
INFO: [ template_filter ] --START--
INFO: Run Behavior\ContentReplaceBehavior [ RunTime:0.000076s ]
INFO: [ template_filter ] --END-- [ RunTime:0.000155s ]
INFO: Run Behavior\ParseTemplateBehavior [ RunTime:0.009614s ]
INFO: [ view_parse ] --END-- [ RunTime:0.009758s ]
INFO: [ view_filter ] --START--
INFO: Run Behavior\WriteHtmlCacheBehavior [ RunTime:0.000157s ]
INFO: [ view_filter ] --END-- [ RunTime:0.000207s ]
INFO: [ app_end ] --START--
INFO: Run Behavior\ShowPageTraceBehavior [ RunTime:0.000555s ]
INFO: [ app_end ] --END-- [ RunTime:0.000611s ]

[ 2016-07-22T18:08:38+08:00 ] ::1 /PHP-Object/index.php/Admin/Index/index
INFO: [ app_init ] --START--
INFO: Run Behavior\BuildLiteBehavior [ RunTime:0.000015s ]
INFO: [ app_init ] --END-- [ RunTime:0.000363s ]
INFO: [ app_begin ] --START--
INFO: Run Behavior\ReadHtmlCacheBehavior [ RunTime:0.000661s ]
INFO: [ app_begin ] --END-- [ RunTime:0.000747s ]
INFO: [ view_parse ] --START--
INFO: [ template_filter ] --START--
INFO: Run Behavior\ContentReplaceBehavior [ RunTime:0.000115s ]
INFO: [ template_filter ] --END-- [ RunTime:0.000253s ]
NOTIC: [8] Undefined variable: SERVER_SOFTWARE /Users/bingdaojueai/sixwhale/PHP-Object/Application/Runtime/Cache/Admin/b595b808c2ebeeeb0478ffc30bb4e87a.php 第 165 行.
NOTIC: [8192] mysql_get_server_info(): The mysql extension is deprecated and will be removed in the future: use mysqli or PDO instead /Users/bingdaojueai/sixwhale/PHP-Object/Application/Runtime/Cache/Admin/b595b808c2ebeeeb0478ffc30bb4e87a.php 第 166 行.
INFO: Run Behavior\ParseTemplateBehavior [ RunTime:0.024622s ]
INFO: [ view_parse ] --END-- [ RunTime:0.024787s ]
INFO: [ view_filter ] --START--
INFO: Run Behavior\WriteHtmlCacheBehavior [ RunTime:0.000352s ]
INFO: [ view_filter ] --END-- [ RunTime:0.000450s ]
INFO: [ app_end ] --START--
INFO: Run Behavior\ShowPageTraceBehavior [ RunTime:0.001385s ]
INFO: [ app_end ] --END-- [ RunTime:0.001561s ]

[ 2016-07-22T18:08:41+08:00 ] ::1 /PHP-Object/index.php/Admin/Users/rank
INFO: [ app_init ] --START--
INFO: Run Behavior\BuildLiteBehavior [ RunTime:0.000021s ]
INFO: [ app_init ] --END-- [ RunTime:0.000541s ]
INFO: [ app_begin ] --START--
INFO: Run Behavior\ReadHtmlCacheBehavior [ RunTime:0.000646s ]
INFO: [ app_begin ] --END-- [ RunTime:0.000724s ]
SQL: SHOW COLUMNS FROM `ctf_result` [ RunTime:0.0097s ]
SQL: SELECT * FROM `ctf_result` ORDER BY allscore desc  [ RunTime:0.0010s ]
SQL: SELECT COUNT(*) AS tp_Count FROM `ctf_result` LIMIT 1   [ RunTime:0.0003s ]
NOTIC: [8] Undefined offset: 11 /Users/bingdaojueai/sixwhale/PHP-Object/Application/Admin/Controller/UsersController.class.php 第 25 行.
INFO: [ view_parse ] --START--
INFO: [ template_filter ] --START--
INFO: Run Behavior\ContentReplaceBehavior [ RunTime:0.000064s ]
INFO: [ template_filter ] --END-- [ RunTime:0.000134s ]
INFO: Run Behavior\ParseTemplateBehavior [ RunTime:0.016354s ]
INFO: [ view_parse ] --END-- [ RunTime:0.016441s ]
INFO: [ view_filter ] --START--
INFO: Run Behavior\WriteHtmlCacheBehavior [ RunTime:0.000163s ]
INFO: [ view_filter ] --END-- [ RunTime:0.000213s ]
INFO: [ app_end ] --START--
INFO: Run Behavior\ShowPageTraceBehavior [ RunTime:0.000771s ]
INFO: [ app_end ] --END-- [ RunTime:0.000865s ]

[ 2016-07-22T18:08:46+08:00 ] ::1 /PHP-Object/index.php/Admin/Users/index
INFO: [ app_init ] --START--
INFO: Run Behavior\BuildLiteBehavior [ RunTime:0.000015s ]
INFO: [ app_init ] --END-- [ RunTime:0.000368s ]
INFO: [ app_begin ] --START--
INFO: Run Behavior\ReadHtmlCacheBehavior [ RunTime:0.000487s ]
INFO: [ app_begin ] --END-- [ RunTime:0.000548s ]
SQL: SHOW COLUMNS FROM `ctf_users` [ RunTime:0.0219s ]
SQL: SELECT * FROM `ctf_users`  [ RunTime:0.0007s ]
SQL: SELECT COUNT(*) AS tp_Count FROM `ctf_users` LIMIT 1   [ RunTime:0.0003s ]
NOTIC: [8] Undefined variable: char /Users/bingdaojueai/sixwhale/PHP-Object/Application/Admin/Controller/UsersController.class.php 第 49 行.
NOTIC: [8] Undefined variable: str /Users/bingdaojueai/sixwhale/PHP-Object/Application/Admin/Controller/UsersController.class.php 第 56 行.
NOTIC: [8] Undefined variable: char /Users/bingdaojueai/sixwhale/PHP-Object/Application/Admin/Controller/UsersController.class.php 第 49 行.
NOTIC: [8] Undefined variable: str /Users/bingdaojueai/sixwhale/PHP-Object/Application/Admin/Controller/UsersController.class.php 第 56 行.
NOTIC: [8] Undefined variable: char /Users/bingdaojueai/sixwhale/PHP-Object/Application/Admin/Controller/UsersController.class.php 第 49 行.
NOTIC: [8] Undefined variable: str /Users/bingdaojueai/sixwhale/PHP-Object/Application/Admin/Controller/UsersController.class.php 第 56 行.
NOTIC: [8] Undefined variable: char /Users/bingdaojueai/sixwhale/PHP-Object/Application/Admin/Controller/UsersController.class.php 第 49 行.
NOTIC: [8] Undefined variable: str /Users/bingdaojueai/sixwhale/PHP-Object/Application/Admin/Controller/UsersController.class.php 第 56 行.
NOTIC: [8] Undefined variable: char /Users/bingdaojueai/sixwhale/PHP-Object/Application/Admin/Controller/UsersController.class.php 第 49 行.
NOTIC: [8] Undefined variable: str /Users/bingdaojueai/sixwhale/PHP-Object/Application/Admin/Controller/UsersController.class.php 第 56 行.
NOTIC: [8] Undefined variable: char /Users/bingdaojueai/sixwhale/PHP-Object/Application/Admin/Controller/UsersController.class.php 第 49 行.
NOTIC: [8] Undefined variable: str /Users/bingdaojueai/sixwhale/PHP-Object/Application/Admin/Controller/UsersController.class.php 第 56 行.
NOTIC: [8] Undefined variable: char /Users/bingdaojueai/sixwhale/PHP-Object/Application/Admin/Controller/UsersController.class.php 第 49 行.
NOTIC: [8] Undefined variable: str /Users/bingdaojueai/sixwhale/PHP-Object/Application/Admin/Controller/UsersController.class.php 第 56 行.
NOTIC: [8] Undefined variable: char /Users/bingdaojueai/sixwhale/PHP-Object/Application/Admin/Controller/UsersController.class.php 第 49 行.
NOTIC: [8] Undefined variable: str /Users/bingdaojueai/sixwhale/PHP-Object/Application/Admin/Controller/UsersController.class.php 第 56 行.
NOTIC: [8] Undefined variable: char /Users/bingdaojueai/sixwhale/PHP-Object/Application/Admin/Controller/UsersController.class.php 第 49 行.
NOTIC: [8] Undefined variable: str /Users/bingdaojueai/sixwhale/PHP-Object/Application/Admin/Controller/UsersController.class.php 第 56 行.
NOTIC: [8] Undefined variable: char /Users/bingdaojueai/sixwhale/PHP-Object/Application/Admin/Controller/UsersController.class.php 第 49 行.
NOTIC: [8] Undefined variable: str /Users/bingdaojueai/sixwhale/PHP-Object/Application/Admin/Controller/UsersController.class.php 第 56 行.
NOTIC: [8] Undefined variable: char /Users/bingdaojueai/sixwhale/PHP-Object/Application/Admin/Controller/UsersController.class.php 第 49 行.
NOTIC: [8] Undefined variable: str /Users/bingdaojueai/sixwhale/PHP-Object/Application/Admin/Controller/UsersController.class.php 第 56 行.
INFO: [ view_parse ] --START--
INFO: [ template_filter ] --START--
INFO: Run Behavior\ContentReplaceBehavior [ RunTime:0.000089s ]
INFO: [ template_filter ] --END-- [ RunTime:0.000190s ]
INFO: Run Behavior\ParseTemplateBehavior [ RunTime:0.020784s ]
INFO: [ view_parse ] --END-- [ RunTime:0.020907s ]
INFO: [ view_filter ] --START--
INFO: Run Behavior\WriteHtmlCacheBehavior [ RunTime:0.000294s ]
INFO: [ view_filter ] --END-- [ RunTime:0.000393s ]
INFO: [ app_end ] --START--
INFO: Run Behavior\ShowPageTraceBehavior [ RunTime:0.001226s ]
INFO: [ app_end ] --END-- [ RunTime:0.001390s ]

[ 2016-07-22T18:08:49+08:00 ] ::1 /PHP-Object/index.php/Admin/Users/status
INFO: [ app_init ] --START--
INFO: Run Behavior\BuildLiteBehavior [ RunTime:0.000021s ]
INFO: [ app_init ] --END-- [ RunTime:0.000529s ]
INFO: [ app_begin ] --START--
INFO: Run Behavior\ReadHtmlCacheBehavior [ RunTime:0.000644s ]
INFO: [ app_begin ] --END-- [ RunTime:0.000726s ]
SQL: SHOW COLUMNS FROM `ctf_subject` [ RunTime:0.0091s ]
SQL: SELECT * FROM `ctf_subject`  [ RunTime:0.0005s ]
SQL: SELECT COUNT(pid) AS tp_Count FROM `ctf_subject` LIMIT 1   [ RunTime:0.0003s ]
SQL: SHOW COLUMNS FROM `ctf_answer` [ RunTime:0.0020s ]
SQL: SELECT * FROM `ctf_answer` WHERE `pid` = 1 AND `status` = 1  [ RunTime:0.0003s ]
SQL: SELECT COUNT(*) AS tp_Count FROM `ctf_answer` LIMIT 1   [ RunTime:0.0002s ]
SQL: UPDATE `ctf_subject` SET `firstblood`='1' WHERE `pid` = 1 [ RunTime:0.0114s ]
SQL: SELECT * FROM `ctf_answer` WHERE `pid` = 2 AND `status` = 1  [ RunTime:0.0003s ]
SQL: SELECT COUNT(*) AS tp_Count FROM `ctf_answer` LIMIT 1   [ RunTime:0.0002s ]
NOTIC: [8] Undefined offset: 0 /Users/bingdaojueai/sixwhale/PHP-Object/Application/Admin/Controller/UsersController.class.php 第 83 行.
NOTIC: [8] Undefined offset: 0 /Users/bingdaojueai/sixwhale/PHP-Object/Application/Admin/Controller/UsersController.class.php 第 85 行.
NOTIC: [8] Undefined offset: 1 /Users/bingdaojueai/sixwhale/PHP-Object/Application/Admin/Controller/UsersController.class.php 第 85 行.
SQL: UPDATE `ctf_subject` SET `firstblood`=NULL WHERE `pid` = 2 [ RunTime:0.0005s ]
SQL: SELECT * FROM `ctf_answer` WHERE `pid` = 3 AND `status` = 1  [ RunTime:0.0002s ]
SQL: SELECT COUNT(*) AS tp_Count FROM `ctf_answer` LIMIT 1   [ RunTime:0.0001s ]
NOTIC: [8] Undefined offset: 0 /Users/bingdaojueai/sixwhale/PHP-Object/Application/Admin/Controller/UsersController.class.php 第 83 行.
NOTIC: [8] Undefined offset: 0 /Users/bingdaojueai/sixwhale/PHP-Object/Application/Admin/Controller/UsersController.class.php 第 85 行.
NOTIC: [8] Undefined offset: 1 /Users/bingdaojueai/sixwhale/PHP-Object/Application/Admin/Controller/UsersController.class.php 第 85 行.
SQL: UPDATE `ctf_subject` SET `firstblood`=NULL WHERE `pid` = 3 [ RunTime:0.0004s ]
SQL: SELECT * FROM `ctf_answer` WHERE `pid` = 4 AND `status` = 1  [ RunTime:0.0002s ]
SQL: SELECT COUNT(*) AS tp_Count FROM `ctf_answer` LIMIT 1   [ RunTime:0.0001s ]
NOTIC: [8] Undefined offset: 0 /Users/bingdaojueai/sixwhale/PHP-Object/Application/Admin/Controller/UsersController.class.php 第 83 行.
NOTIC: [8] Undefined offset: 0 /Users/bingdaojueai/sixwhale/PHP-Object/Application/Admin/Controller/UsersController.class.php 第 85 行.
NOTIC: [8] Undefined offset: 1 /Users/bingdaojueai/sixwhale/PHP-Object/Application/Admin/Controller/UsersController.class.php 第 85 行.
SQL: UPDATE `ctf_subject` SET `firstblood`=NULL WHERE `pid` = 4 [ RunTime:0.0005s ]
SQL: SELECT * FROM `ctf_answer` WHERE `pid` = 5 AND `status` = 1  [ RunTime:0.0002s ]
SQL: SELECT COUNT(*) AS tp_Count FROM `ctf_answer` LIMIT 1   [ RunTime:0.0001s ]
NOTIC: [8] Undefined offset: 0 /Users/bingdaojueai/sixwhale/PHP-Object/Application/Admin/Controller/UsersController.class.php 第 83 行.
NOTIC: [8] Undefined offset: 0 /Users/bingdaojueai/sixwhale/PHP-Object/Application/Admin/Controller/UsersController.class.php 第 85 行.
NOTIC: [8] Undefined offset: 1 /Users/bingdaojueai/sixwhale/PHP-Object/Application/Admin/Controller/UsersController.class.php 第 85 行.
SQL: UPDATE `ctf_subject` SET `firstblood`=NULL WHERE `pid` = 5 [ RunTime:0.0004s ]
SQL: SELECT * FROM `ctf_answer` WHERE `pid` = 6 AND `status` = 1  [ RunTime:0.0002s ]
SQL: SELECT COUNT(*) AS tp_Count FROM `ctf_answer` LIMIT 1   [ RunTime:0.0002s ]
NOTIC: [8] Undefined offset: 0 /Users/bingdaojueai/sixwhale/PHP-Object/Application/Admin/Controller/UsersController.class.php 第 83 行.
NOTIC: [8] Undefined offset: 0 /Users/bingdaojueai/sixwhale/PHP-Object/Application/Admin/Controller/UsersController.class.php 第 85 行.
NOTIC: [8] Undefined offset: 1 /Users/bingdaojueai/sixwhale/PHP-Object/Application/Admin/Controller/UsersController.class.php 第 85 行.
SQL: UPDATE `ctf_subject` SET `firstblood`=NULL WHERE `pid` = 6 [ RunTime:0.0004s ]
SQL: SELECT * FROM `ctf_answer` WHERE `pid` = 7 AND `status` = 1  [ RunTime:0.0002s ]
SQL: SELECT COUNT(*) AS tp_Count FROM `ctf_answer` LIMIT 1   [ RunTime:0.0001s ]
NOTIC: [8] Undefined offset: 0 /Users/bingdaojueai/sixwhale/PHP-Object/Application/Admin/Controller/UsersController.class.php 第 83 行.
NOTIC: [8] Undefined offset: 0 /Users/bingdaojueai/sixwhale/PHP-Object/Application/Admin/Controller/UsersController.class.php 第 85 行.
NOTIC: [8] Undefined offset: 1 /Users/bingdaojueai/sixwhale/PHP-Object/Application/Admin/Controller/UsersController.class.php 第 85 行.
SQL: UPDATE `ctf_subject` SET `firstblood`=NULL WHERE `pid` = 7 [ RunTime:0.0004s ]
SQL: SELECT * FROM `ctf_answer` WHERE `pid` = 8 AND `status` = 1  [ RunTime:0.0002s ]
SQL: SELECT COUNT(*) AS tp_Count FROM `ctf_answer` LIMIT 1   [ RunTime:0.0001s ]
NOTIC: [8] Undefined offset: 0 /Users/bingdaojueai/sixwhale/PHP-Object/Application/Admin/Controller/UsersController.class.php 第 83 行.
NOTIC: [8] Undefined offset: 0 /Users/bingdaojueai/sixwhale/PHP-Object/Application/Admin/Controller/UsersController.class.php 第 85 行.
NOTIC: [8] Undefined offset: 1 /Users/bingdaojueai/sixwhale/PHP-Object/Application/Admin/Controller/UsersController.class.php 第 85 行.
SQL: UPDATE `ctf_subject` SET `firstblood`=NULL WHERE `pid` = 8 [ RunTime:0.0005s ]
SQL: SELECT * FROM `ctf_answer` WHERE `pid` = 9 AND `status` = 1  [ RunTime:0.0002s ]
SQL: SELECT COUNT(*) AS tp_Count FROM `ctf_answer` LIMIT 1   [ RunTime:0.0002s ]
NOTIC: [8] Undefined offset: 0 /Users/bingdaojueai/sixwhale/PHP-Object/Application/Admin/Controller/UsersController.class.php 第 83 行.
NOTIC: [8] Undefined offset: 0 /Users/bingdaojueai/sixwhale/PHP-Object/Application/Admin/Controller/UsersController.class.php 第 85 行.
NOTIC: [8] Undefined offset: 1 /Users/bingdaojueai/sixwhale/PHP-Object/Application/Admin/Controller/UsersController.class.php 第 85 行.
SQL: UPDATE `ctf_subject` SET `firstblood`=NULL WHERE `pid` = 9 [ RunTime:0.0004s ]
SQL: SELECT * FROM `ctf_answer` WHERE `pid` = 10 AND `status` = 1  [ RunTime:0.0003s ]
SQL: SELECT COUNT(*) AS tp_Count FROM `ctf_answer` LIMIT 1   [ RunTime:0.0002s ]
NOTIC: [8] Undefined offset: 0 /Users/bingdaojueai/sixwhale/PHP-Object/Application/Admin/Controller/UsersController.class.php 第 83 行.
NOTIC: [8] Undefined offset: 0 /Users/bingdaojueai/sixwhale/PHP-Object/Application/Admin/Controller/UsersController.class.php 第 85 行.
NOTIC: [8] Undefined offset: 1 /Users/bingdaojueai/sixwhale/PHP-Object/Application/Admin/Controller/UsersController.class.php 第 85 行.
SQL: UPDATE `ctf_subject` SET `firstblood`=NULL WHERE `pid` = 10 [ RunTime:0.0004s ]
SQL: SELECT * FROM `ctf_answer` WHERE `pid` = 11 AND `status` = 1  [ RunTime:0.0002s ]
SQL: SELECT COUNT(*) AS tp_Count FROM `ctf_answer` LIMIT 1   [ RunTime:0.0001s ]
NOTIC: [8] Undefined offset: 0 /Users/bingdaojueai/sixwhale/PHP-Object/Application/Admin/Controller/UsersController.class.php 第 83 行.
NOTIC: [8] Undefined offset: 0 /Users/bingdaojueai/sixwhale/PHP-Object/Application/Admin/Controller/UsersController.class.php 第 85 行.
NOTIC: [8] Undefined offset: 1 /Users/bingdaojueai/sixwhale/PHP-Object/Application/Admin/Controller/UsersController.class.php 第 85 行.
SQL: UPDATE `ctf_subject` SET `firstblood`=NULL WHERE `pid` = 11 [ RunTime:0.0004s ]
SQL: SELECT * FROM `ctf_answer` WHERE `pid` = 12 AND `status` = 1  [ RunTime:0.0002s ]
SQL: SELECT COUNT(*) AS tp_Count FROM `ctf_answer` LIMIT 1   [ RunTime:0.0001s ]
NOTIC: [8] Undefined offset: 0 /Users/bingdaojueai/sixwhale/PHP-Object/Application/Admin/Controller/UsersController.class.php 第 83 行.
NOTIC: [8] Undefined offset: 0 /Users/bingdaojueai/sixwhale/PHP-Object/Application/Admin/Controller/UsersController.class.php 第 85 行.
NOTIC: [8] Undefined offset: 1 /Users/bingdaojueai/sixwhale/PHP-Object/Application/Admin/Controller/UsersController.class.php 第 85 行.
SQL: UPDATE `ctf_subject` SET `firstblood`=NULL WHERE `pid` = 12 [ RunTime:0.0004s ]
SQL: SELECT * FROM `ctf_answer` WHERE `pid` = 13 AND `status` = 1  [ RunTime:0.0002s ]
SQL: SELECT COUNT(*) AS tp_Count FROM `ctf_answer` LIMIT 1   [ RunTime:0.0001s ]
NOTIC: [8] Undefined offset: 0 /Users/bingdaojueai/sixwhale/PHP-Object/Application/Admin/Controller/UsersController.class.php 第 83 行.
NOTIC: [8] Undefined offset: 0 /Users/bingdaojueai/sixwhale/PHP-Object/Application/Admin/Controller/UsersController.class.php 第 85 行.
NOTIC: [8] Undefined offset: 1 /Users/bingdaojueai/sixwhale/PHP-Object/Application/Admin/Controller/UsersController.class.php 第 85 行.
SQL: UPDATE `ctf_subject` SET `firstblood`=NULL WHERE `pid` = 13 [ RunTime:0.0005s ]
SQL: SELECT * FROM `ctf_answer` WHERE `pid` = 14 AND `status` = 1  [ RunTime:0.0002s ]
SQL: SELECT COUNT(*) AS tp_Count FROM `ctf_answer` LIMIT 1   [ RunTime:0.0001s ]
NOTIC: [8] Undefined offset: 0 /Users/bingdaojueai/sixwhale/PHP-Object/Application/Admin/Controller/UsersController.class.php 第 83 行.
NOTIC: [8] Undefined offset: 0 /Users/bingdaojueai/sixwhale/PHP-Object/Application/Admin/Controller/UsersController.class.php 第 85 行.
NOTIC: [8] Undefined offset: 1 /Users/bingdaojueai/sixwhale/PHP-Object/Application/Admin/Controller/UsersController.class.php 第 85 行.
SQL: UPDATE `ctf_subject` SET `firstblood`=NULL WHERE `pid` = 14 [ RunTime:0.0007s ]
SQL: SELECT * FROM `ctf_answer` WHERE `pid` = 15 AND `status` = 1  [ RunTime:0.0003s ]
SQL: SELECT COUNT(*) AS tp_Count FROM `ctf_answer` LIMIT 1   [ RunTime:0.0002s ]
NOTIC: [8] Undefined offset: 0 /Users/bingdaojueai/sixwhale/PHP-Object/Application/Admin/Controller/UsersController.class.php 第 83 行.
NOTIC: [8] Undefined offset: 0 /Users/bingdaojueai/sixwhale/PHP-Object/Application/Admin/Controller/UsersController.class.php 第 85 行.
NOTIC: [8] Undefined offset: 1 /Users/bingdaojueai/sixwhale/PHP-Object/Application/Admin/Controller/UsersController.class.php 第 85 行.
SQL: UPDATE `ctf_subject` SET `firstblood`=NULL WHERE `pid` = 15 [ RunTime:0.0005s ]
SQL: SELECT * FROM `ctf_answer` WHERE `pid` = 16 AND `status` = 1  [ RunTime:0.0002s ]
SQL: SELECT COUNT(*) AS tp_Count FROM `ctf_answer` LIMIT 1   [ RunTime:0.0002s ]
NOTIC: [8] Undefined offset: 0 /Users/bingdaojueai/sixwhale/PHP-Object/Application/Admin/Controller/UsersController.class.php 第 83 行.
NOTIC: [8] Undefined offset: 0 /Users/bingdaojueai/sixwhale/PHP-Object/Application/Admin/Controller/UsersController.class.php 第 85 行.
NOTIC: [8] Undefined offset: 1 /Users/bingdaojueai/sixwhale/PHP-Object/Application/Admin/Controller/UsersController.class.php 第 85 行.
SQL: UPDATE `ctf_subject` SET `firstblood`=NULL WHERE `pid` = 16 [ RunTime:0.0005s ]
NOTIC: [8] Undefined variable: data /Users/bingdaojueai/sixwhale/PHP-Object/Application/Admin/Controller/UsersController.class.php 第 69 行.
INFO: [ view_parse ] --START--
INFO: [ template_filter ] --START--
INFO: Run Behavior\ContentReplaceBehavior [ RunTime:0.000063s ]
INFO: [ template_filter ] --END-- [ RunTime:0.000135s ]
INFO: Run Behavior\ParseTemplateBehavior [ RunTime:0.015312s ]
INFO: [ view_parse ] --END-- [ RunTime:0.015372s ]
INFO: [ view_filter ] --START--
INFO: Run Behavior\WriteHtmlCacheBehavior [ RunTime:0.000159s ]
INFO: [ view_filter ] --END-- [ RunTime:0.000208s ]
INFO: [ app_end ] --START--
INFO: Run Behavior\ShowPageTraceBehavior [ RunTime:0.000674s ]
INFO: [ app_end ] --END-- [ RunTime:0.000758s ]

[ 2016-07-22T18:09:34+08:00 ] ::1 /PHP-Object/index.php/Admin/Users/index
INFO: [ app_init ] --START--
INFO: Run Behavior\BuildLiteBehavior [ RunTime:0.000018s ]
INFO: [ app_init ] --END-- [ RunTime:0.000509s ]
INFO: [ app_begin ] --START--
INFO: Run Behavior\ReadHtmlCacheBehavior [ RunTime:0.000699s ]
INFO: [ app_begin ] --END-- [ RunTime:0.000785s ]
SQL: SHOW COLUMNS FROM `ctf_users` [ RunTime:0.0107s ]
SQL: SELECT * FROM `ctf_users`  [ RunTime:0.0009s ]
SQL: SELECT COUNT(*) AS tp_Count FROM `ctf_users` LIMIT 1   [ RunTime:0.0003s ]
NOTIC: [8] Undefined variable: char /Users/bingdaojueai/sixwhale/PHP-Object/Application/Admin/Controller/UsersController.class.php 第 49 行.
NOTIC: [8] Undefined variable: str /Users/bingdaojueai/sixwhale/PHP-Object/Application/Admin/Controller/UsersController.class.php 第 56 行.
NOTIC: [8] Undefined variable: char /Users/bingdaojueai/sixwhale/PHP-Object/Application/Admin/Controller/UsersController.class.php 第 49 行.
NOTIC: [8] Undefined variable: str /Users/bingdaojueai/sixwhale/PHP-Object/Application/Admin/Controller/UsersController.class.php 第 56 行.
NOTIC: [8] Undefined variable: char /Users/bingdaojueai/sixwhale/PHP-Object/Application/Admin/Controller/UsersController.class.php 第 49 行.
NOTIC: [8] Undefined variable: str /Users/bingdaojueai/sixwhale/PHP-Object/Application/Admin/Controller/UsersController.class.php 第 56 行.
NOTIC: [8] Undefined variable: char /Users/bingdaojueai/sixwhale/PHP-Object/Application/Admin/Controller/UsersController.class.php 第 49 行.
NOTIC: [8] Undefined variable: str /Users/bingdaojueai/sixwhale/PHP-Object/Application/Admin/Controller/UsersController.class.php 第 56 行.
NOTIC: [8] Undefined variable: char /Users/bingdaojueai/sixwhale/PHP-Object/Application/Admin/Controller/UsersController.class.php 第 49 行.
NOTIC: [8] Undefined variable: str /Users/bingdaojueai/sixwhale/PHP-Object/Application/Admin/Controller/UsersController.class.php 第 56 行.
NOTIC: [8] Undefined variable: char /Users/bingdaojueai/sixwhale/PHP-Object/Application/Admin/Controller/UsersController.class.php 第 49 行.
NOTIC: [8] Undefined variable: str /Users/bingdaojueai/sixwhale/PHP-Object/Application/Admin/Controller/UsersController.class.php 第 56 行.
NOTIC: [8] Undefined variable: char /Users/bingdaojueai/sixwhale/PHP-Object/Application/Admin/Controller/UsersController.class.php 第 49 行.
NOTIC: [8] Undefined variable: str /Users/bingdaojueai/sixwhale/PHP-Object/Application/Admin/Controller/UsersController.class.php 第 56 行.
NOTIC: [8] Undefined variable: char /Users/bingdaojueai/sixwhale/PHP-Object/Application/Admin/Controller/UsersController.class.php 第 49 行.
NOTIC: [8] Undefined variable: str /Users/bingdaojueai/sixwhale/PHP-Object/Application/Admin/Controller/UsersController.class.php 第 56 行.
NOTIC: [8] Undefined variable: char /Users/bingdaojueai/sixwhale/PHP-Object/Application/Admin/Controller/UsersController.class.php 第 49 行.
NOTIC: [8] Undefined variable: str /Users/bingdaojueai/sixwhale/PHP-Object/Application/Admin/Controller/UsersController.class.php 第 56 行.
NOTIC: [8] Undefined variable: char /Users/bingdaojueai/sixwhale/PHP-Object/Application/Admin/Controller/UsersController.class.php 第 49 行.
NOTIC: [8] Undefined variable: str /Users/bingdaojueai/sixwhale/PHP-Object/Application/Admin/Controller/UsersController.class.php 第 56 行.
NOTIC: [8] Undefined variable: char /Users/bingdaojueai/sixwhale/PHP-Object/Application/Admin/Controller/UsersController.class.php 第 49 行.
NOTIC: [8] Undefined variable: str /Users/bingdaojueai/sixwhale/PHP-Object/Application/Admin/Controller/UsersController.class.php 第 56 行.
INFO: [ view_parse ] --START--
INFO: [ template_filter ] --START--
INFO: Run Behavior\ContentReplaceBehavior [ RunTime:0.000288s ]
INFO: [ template_filter ] --END-- [ RunTime:0.000384s ]
INFO: Run Behavior\ParseTemplateBehavior [ RunTime:0.016903s ]
INFO: [ view_parse ] --END-- [ RunTime:0.017011s ]
INFO: [ view_filter ] --START--
INFO: Run Behavior\WriteHtmlCacheBehavior [ RunTime:0.000185s ]
INFO: [ view_filter ] --END-- [ RunTime:0.000236s ]
INFO: [ app_end ] --START--
INFO: Run Behavior\ShowPageTraceBehavior [ RunTime:0.000995s ]
INFO: [ app_end ] --END-- [ RunTime:0.001103s ]

[ 2016-07-22T18:09:38+08:00 ] ::1 /PHP-Object/index.php/Admin/Users/rank
INFO: [ app_init ] --START--
INFO: Run Behavior\BuildLiteBehavior [ RunTime:0.000021s ]
INFO: [ app_init ] --END-- [ RunTime:0.000497s ]
INFO: [ app_begin ] --START--
INFO: Run Behavior\ReadHtmlCacheBehavior [ RunTime:0.000653s ]
INFO: [ app_begin ] --END-- [ RunTime:0.000733s ]
SQL: SHOW COLUMNS FROM `ctf_result` [ RunTime:0.0098s ]
SQL: SELECT * FROM `ctf_result` ORDER BY allscore desc  [ RunTime:0.0004s ]
SQL: SELECT COUNT(*) AS tp_Count FROM `ctf_result` LIMIT 1   [ RunTime:0.0003s ]
NOTIC: [8] Undefined offset: 11 /Users/bingdaojueai/sixwhale/PHP-Object/Application/Admin/Controller/UsersController.class.php 第 25 行.
INFO: [ view_parse ] --START--
INFO: [ template_filter ] --START--
INFO: Run Behavior\ContentReplaceBehavior [ RunTime:0.000064s ]
INFO: [ template_filter ] --END-- [ RunTime:0.000130s ]
INFO: Run Behavior\ParseTemplateBehavior [ RunTime:0.015311s ]
INFO: [ view_parse ] --END-- [ RunTime:0.015410s ]
INFO: [ view_filter ] --START--
INFO: Run Behavior\WriteHtmlCacheBehavior [ RunTime:0.000159s ]
INFO: [ view_filter ] --END-- [ RunTime:0.000209s ]
INFO: [ app_end ] --START--
INFO: Run Behavior\ShowPageTraceBehavior [ RunTime:0.000767s ]
INFO: [ app_end ] --END-- [ RunTime:0.000872s ]

[ 2016-07-22T18:09:42+08:00 ] ::1 /PHP-Object/index.php/Admin/Users/index
INFO: [ app_init ] --START--
INFO: Run Behavior\BuildLiteBehavior [ RunTime:0.000016s ]
INFO: [ app_init ] --END-- [ RunTime:0.000372s ]
INFO: [ app_begin ] --START--
INFO: Run Behavior\ReadHtmlCacheBehavior [ RunTime:0.000482s ]
INFO: [ app_begin ] --END-- [ RunTime:0.000544s ]
SQL: SHOW COLUMNS FROM `ctf_users` [ RunTime:0.0221s ]
SQL: SELECT * FROM `ctf_users`  [ RunTime:0.0005s ]
SQL: SELECT COUNT(*) AS tp_Count FROM `ctf_users` LIMIT 1   [ RunTime:0.0002s ]
NOTIC: [8] Undefined variable: char /Users/bingdaojueai/sixwhale/PHP-Object/Application/Admin/Controller/UsersController.class.php 第 49 行.
NOTIC: [8] Undefined variable: str /Users/bingdaojueai/sixwhale/PHP-Object/Application/Admin/Controller/UsersController.class.php 第 56 行.
NOTIC: [8] Undefined variable: char /Users/bingdaojueai/sixwhale/PHP-Object/Application/Admin/Controller/UsersController.class.php 第 49 行.
NOTIC: [8] Undefined variable: str /Users/bingdaojueai/sixwhale/PHP-Object/Application/Admin/Controller/UsersController.class.php 第 56 行.
NOTIC: [8] Undefined variable: char /Users/bingdaojueai/sixwhale/PHP-Object/Application/Admin/Controller/UsersController.class.php 第 49 行.
NOTIC: [8] Undefined variable: str /Users/bingdaojueai/sixwhale/PHP-Object/Application/Admin/Controller/UsersController.class.php 第 56 行.
NOTIC: [8] Undefined variable: char /Users/bingdaojueai/sixwhale/PHP-Object/Application/Admin/Controller/UsersController.class.php 第 49 行.
NOTIC: [8] Undefined variable: str /Users/bingdaojueai/sixwhale/PHP-Object/Application/Admin/Controller/UsersController.class.php 第 56 行.
NOTIC: [8] Undefined variable: char /Users/bingdaojueai/sixwhale/PHP-Object/Application/Admin/Controller/UsersController.class.php 第 49 行.
NOTIC: [8] Undefined variable: str /Users/bingdaojueai/sixwhale/PHP-Object/Application/Admin/Controller/UsersController.class.php 第 56 行.
NOTIC: [8] Undefined variable: char /Users/bingdaojueai/sixwhale/PHP-Object/Application/Admin/Controller/UsersController.class.php 第 49 行.
NOTIC: [8] Undefined variable: str /Users/bingdaojueai/sixwhale/PHP-Object/Application/Admin/Controller/UsersController.class.php 第 56 行.
NOTIC: [8] Undefined variable: char /Users/bingdaojueai/sixwhale/PHP-Object/Application/Admin/Controller/UsersController.class.php 第 49 行.
NOTIC: [8] Undefined variable: str /Users/bingdaojueai/sixwhale/PHP-Object/Application/Admin/Controller/UsersController.class.php 第 56 行.
NOTIC: [8] Undefined variable: char /Users/bingdaojueai/sixwhale/PHP-Object/Application/Admin/Controller/UsersController.class.php 第 49 行.
NOTIC: [8] Undefined variable: str /Users/bingdaojueai/sixwhale/PHP-Object/Application/Admin/Controller/UsersController.class.php 第 56 行.
NOTIC: [8] Undefined variable: char /Users/bingdaojueai/sixwhale/PHP-Object/Application/Admin/Controller/UsersController.class.php 第 49 行.
NOTIC: [8] Undefined variable: str /Users/bingdaojueai/sixwhale/PHP-Object/Application/Admin/Controller/UsersController.class.php 第 56 行.
NOTIC: [8] Undefined variable: char /Users/bingdaojueai/sixwhale/PHP-Object/Application/Admin/Controller/UsersController.class.php 第 49 行.
NOTIC: [8] Undefined variable: str /Users/bingdaojueai/sixwhale/PHP-Object/Application/Admin/Controller/UsersController.class.php 第 56 行.
NOTIC: [8] Undefined variable: char /Users/bingdaojueai/sixwhale/PHP-Object/Application/Admin/Controller/UsersController.class.php 第 49 行.
NOTIC: [8] Undefined variable: str /Users/bingdaojueai/sixwhale/PHP-Object/Application/Admin/Controller/UsersController.class.php 第 56 行.
INFO: [ view_parse ] --START--
INFO: [ template_filter ] --START--
INFO: Run Behavior\ContentReplaceBehavior [ RunTime:0.000065s ]
INFO: [ template_filter ] --END-- [ RunTime:0.000138s ]
INFO: Run Behavior\ParseTemplateBehavior [ RunTime:0.015717s ]
INFO: [ view_parse ] --END-- [ RunTime:0.015797s ]
INFO: [ view_filter ] --START--
INFO: Run Behavior\WriteHtmlCacheBehavior [ RunTime:0.000161s ]
INFO: [ view_filter ] --END-- [ RunTime:0.000213s ]
INFO: [ app_end ] --START--
INFO: Run Behavior\ShowPageTraceBehavior [ RunTime:0.000790s ]
INFO: [ app_end ] --END-- [ RunTime:0.000903s ]

[ 2016-07-22T18:09:44+08:00 ] ::1 /PHP-Object/index.php/Admin/Users/rank
INFO: [ app_init ] --START--
INFO: Run Behavior\BuildLiteBehavior [ RunTime:0.000017s ]
INFO: [ app_init ] --END-- [ RunTime:0.000476s ]
INFO: [ app_begin ] --START--
INFO: Run Behavior\ReadHtmlCacheBehavior [ RunTime:0.000558s ]
INFO: [ app_begin ] --END-- [ RunTime:0.000629s ]
SQL: SHOW COLUMNS FROM `ctf_result` [ RunTime:0.0089s ]
SQL: SELECT * FROM `ctf_result` ORDER BY allscore desc  [ RunTime:0.0004s ]
SQL: SELECT COUNT(*) AS tp_Count FROM `ctf_result` LIMIT 1   [ RunTime:0.0002s ]
NOTIC: [8] Undefined offset: 11 /Users/bingdaojueai/sixwhale/PHP-Object/Application/Admin/Controller/UsersController.class.php 第 25 行.
INFO: [ view_parse ] --START--
INFO: [ template_filter ] --START--
INFO: Run Behavior\ContentReplaceBehavior [ RunTime:0.000086s ]
INFO: [ template_filter ] --END-- [ RunTime:0.000175s ]
INFO: Run Behavior\ParseTemplateBehavior [ RunTime:0.016771s ]
INFO: [ view_parse ] --END-- [ RunTime:0.016873s ]
INFO: [ view_filter ] --START--
INFO: Run Behavior\WriteHtmlCacheBehavior [ RunTime:0.000214s ]
INFO: [ view_filter ] --END-- [ RunTime:0.000285s ]
INFO: [ app_end ] --START--
INFO: Run Behavior\ShowPageTraceBehavior [ RunTime:0.001066s ]
INFO: [ app_end ] --END-- [ RunTime:0.001227s ]

[ 2016-07-22T18:09:46+08:00 ] ::1 /PHP-Object/index.php/Admin/Users/status
INFO: [ app_init ] --START--
INFO: Run Behavior\BuildLiteBehavior [ RunTime:0.000019s ]
INFO: [ app_init ] --END-- [ RunTime:0.000434s ]
INFO: [ app_begin ] --START--
INFO: Run Behavior\ReadHtmlCacheBehavior [ RunTime:0.000560s ]
INFO: [ app_begin ] --END-- [ RunTime:0.000630s ]
SQL: SHOW COLUMNS FROM `ctf_subject` [ RunTime:0.0085s ]
SQL: SELECT * FROM `ctf_subject`  [ RunTime:0.0003s ]
SQL: SELECT COUNT(pid) AS tp_Count FROM `ctf_subject` LIMIT 1   [ RunTime:0.0002s ]
SQL: SHOW COLUMNS FROM `ctf_answer` [ RunTime:0.0014s ]
SQL: SELECT * FROM `ctf_answer` WHERE `pid` = 1 AND `status` = 1  [ RunTime:0.0003s ]
SQL: SELECT COUNT(*) AS tp_Count FROM `ctf_answer` LIMIT 1   [ RunTime:0.0002s ]
SQL: UPDATE `ctf_subject` SET `firstblood`='1' WHERE `pid` = 1 [ RunTime:0.0005s ]
SQL: SELECT * FROM `ctf_answer` WHERE `pid` = 2 AND `status` = 1  [ RunTime:0.0003s ]
SQL: SELECT COUNT(*) AS tp_Count FROM `ctf_answer` LIMIT 1   [ RunTime:0.0002s ]
NOTIC: [8] Undefined offset: 0 /Users/bingdaojueai/sixwhale/PHP-Object/Application/Admin/Controller/UsersController.class.php 第 82 行.
NOTIC: [8] Undefined offset: 0 /Users/bingdaojueai/sixwhale/PHP-Object/Application/Admin/Controller/UsersController.class.php 第 84 行.
NOTIC: [8] Undefined offset: 1 /Users/bingdaojueai/sixwhale/PHP-Object/Application/Admin/Controller/UsersController.class.php 第 84 行.
SQL: UPDATE `ctf_subject` SET `firstblood`=NULL WHERE `pid` = 2 [ RunTime:0.0005s ]
SQL: SELECT * FROM `ctf_answer` WHERE `pid` = 3 AND `status` = 1  [ RunTime:0.0002s ]
SQL: SELECT COUNT(*) AS tp_Count FROM `ctf_answer` LIMIT 1   [ RunTime:0.0002s ]
NOTIC: [8] Undefined offset: 0 /Users/bingdaojueai/sixwhale/PHP-Object/Application/Admin/Controller/UsersController.class.php 第 82 行.
NOTIC: [8] Undefined offset: 0 /Users/bingdaojueai/sixwhale/PHP-Object/Application/Admin/Controller/UsersController.class.php 第 84 行.
NOTIC: [8] Undefined offset: 1 /Users/bingdaojueai/sixwhale/PHP-Object/Application/Admin/Controller/UsersController.class.php 第 84 行.
SQL: UPDATE `ctf_subject` SET `firstblood`=NULL WHERE `pid` = 3 [ RunTime:0.0005s ]
SQL: SELECT * FROM `ctf_answer` WHERE `pid` = 4 AND `status` = 1  [ RunTime:0.0002s ]
SQL: SELECT COUNT(*) AS tp_Count FROM `ctf_answer` LIMIT 1   [ RunTime:0.0002s ]
NOTIC: [8] Undefined offset: 0 /Users/bingdaojueai/sixwhale/PHP-Object/Application/Admin/Controller/UsersController.class.php 第 82 行.
NOTIC: [8] Undefined offset: 0 /Users/bingdaojueai/sixwhale/PHP-Object/Application/Admin/Controller/UsersController.class.php 第 84 行.
NOTIC: [8] Undefined offset: 1 /Users/bingdaojueai/sixwhale/PHP-Object/Application/Admin/Controller/UsersController.class.php 第 84 行.
SQL: UPDATE `ctf_subject` SET `firstblood`=NULL WHERE `pid` = 4 [ RunTime:0.0005s ]
SQL: SELECT * FROM `ctf_answer` WHERE `pid` = 5 AND `status` = 1  [ RunTime:0.0002s ]
SQL: SELECT COUNT(*) AS tp_Count FROM `ctf_answer` LIMIT 1   [ RunTime:0.0001s ]
NOTIC: [8] Undefined offset: 0 /Users/bingdaojueai/sixwhale/PHP-Object/Application/Admin/Controller/UsersController.class.php 第 82 行.
NOTIC: [8] Undefined offset: 0 /Users/bingdaojueai/sixwhale/PHP-Object/Application/Admin/Controller/UsersController.class.php 第 84 行.
NOTIC: [8] Undefined offset: 1 /Users/bingdaojueai/sixwhale/PHP-Object/Application/Admin/Controller/UsersController.class.php 第 84 行.
SQL: UPDATE `ctf_subject` SET `firstblood`=NULL WHERE `pid` = 5 [ RunTime:0.0005s ]
SQL: SELECT * FROM `ctf_answer` WHERE `pid` = 6 AND `status` = 1  [ RunTime:0.0002s ]
SQL: SELECT COUNT(*) AS tp_Count FROM `ctf_answer` LIMIT 1   [ RunTime:0.0001s ]
NOTIC: [8] Undefined offset: 0 /Users/bingdaojueai/sixwhale/PHP-Object/Application/Admin/Controller/UsersController.class.php 第 82 行.
NOTIC: [8] Undefined offset: 0 /Users/bingdaojueai/sixwhale/PHP-Object/Application/Admin/Controller/UsersController.class.php 第 84 行.
NOTIC: [8] Undefined offset: 1 /Users/bingdaojueai/sixwhale/PHP-Object/Application/Admin/Controller/UsersController.class.php 第 84 行.
SQL: UPDATE `ctf_subject` SET `firstblood`=NULL WHERE `pid` = 6 [ RunTime:0.0005s ]
SQL: SELECT * FROM `ctf_answer` WHERE `pid` = 7 AND `status` = 1  [ RunTime:0.0002s ]
SQL: SELECT COUNT(*) AS tp_Count FROM `ctf_answer` LIMIT 1   [ RunTime:0.0002s ]
NOTIC: [8] Undefined offset: 0 /Users/bingdaojueai/sixwhale/PHP-Object/Application/Admin/Controller/UsersController.class.php 第 82 行.
NOTIC: [8] Undefined offset: 0 /Users/bingdaojueai/sixwhale/PHP-Object/Application/Admin/Controller/UsersController.class.php 第 84 行.
NOTIC: [8] Undefined offset: 1 /Users/bingdaojueai/sixwhale/PHP-Object/Application/Admin/Controller/UsersController.class.php 第 84 行.
SQL: UPDATE `ctf_subject` SET `firstblood`=NULL WHERE `pid` = 7 [ RunTime:0.0004s ]
SQL: SELECT * FROM `ctf_answer` WHERE `pid` = 8 AND `status` = 1  [ RunTime:0.0002s ]
SQL: SELECT COUNT(*) AS tp_Count FROM `ctf_answer` LIMIT 1   [ RunTime:0.0002s ]
NOTIC: [8] Undefined offset: 0 /Users/bingdaojueai/sixwhale/PHP-Object/Application/Admin/Controller/UsersController.class.php 第 82 行.
NOTIC: [8] Undefined offset: 0 /Users/bingdaojueai/sixwhale/PHP-Object/Application/Admin/Controller/UsersController.class.php 第 84 行.
NOTIC: [8] Undefined offset: 1 /Users/bingdaojueai/sixwhale/PHP-Object/Application/Admin/Controller/UsersController.class.php 第 84 行.
SQL: UPDATE `ctf_subject` SET `firstblood`=NULL WHERE `pid` = 8 [ RunTime:0.0005s ]
SQL: SELECT * FROM `ctf_answer` WHERE `pid` = 9 AND `status` = 1  [ RunTime:0.0002s ]
SQL: SELECT COUNT(*) AS tp_Count FROM `ctf_answer` LIMIT 1   [ RunTime:0.0002s ]
NOTIC: [8] Undefined offset: 0 /Users/bingdaojueai/sixwhale/PHP-Object/Application/Admin/Controller/UsersController.class.php 第 82 行.
NOTIC: [8] Undefined offset: 0 /Users/bingdaojueai/sixwhale/PHP-Object/Application/Admin/Controller/UsersController.class.php 第 84 行.
NOTIC: [8] Undefined offset: 1 /Users/bingdaojueai/sixwhale/PHP-Object/Application/Admin/Controller/UsersController.class.php 第 84 行.
SQL: UPDATE `ctf_subject` SET `firstblood`=NULL WHERE `pid` = 9 [ RunTime:0.0005s ]
SQL: SELECT * FROM `ctf_answer` WHERE `pid` = 10 AND `status` = 1  [ RunTime:0.0003s ]
SQL: SELECT COUNT(*) AS tp_Count FROM `ctf_answer` LIMIT 1   [ RunTime:0.0002s ]
NOTIC: [8] Undefined offset: 0 /Users/bingdaojueai/sixwhale/PHP-Object/Application/Admin/Controller/UsersController.class.php 第 82 行.
NOTIC: [8] Undefined offset: 0 /Users/bingdaojueai/sixwhale/PHP-Object/Application/Admin/Controller/UsersController.class.php 第 84 行.
NOTIC: [8] Undefined offset: 1 /Users/bingdaojueai/sixwhale/PHP-Object/Application/Admin/Controller/UsersController.class.php 第 84 行.
SQL: UPDATE `ctf_subject` SET `firstblood`=NULL WHERE `pid` = 10 [ RunTime:0.0005s ]
SQL: SELECT * FROM `ctf_answer` WHERE `pid` = 11 AND `status` = 1  [ RunTime:0.0003s ]
SQL: SELECT COUNT(*) AS tp_Count FROM `ctf_answer` LIMIT 1   [ RunTime:0.0002s ]
NOTIC: [8] Undefined offset: 0 /Users/bingdaojueai/sixwhale/PHP-Object/Application/Admin/Controller/UsersController.class.php 第 82 行.
NOTIC: [8] Undefined offset: 0 /Users/bingdaojueai/sixwhale/PHP-Object/Application/Admin/Controller/UsersController.class.php 第 84 行.
NOTIC: [8] Undefined offset: 1 /Users/bingdaojueai/sixwhale/PHP-Object/Application/Admin/Controller/UsersController.class.php 第 84 行.
SQL: UPDATE `ctf_subject` SET `firstblood`=NULL WHERE `pid` = 11 [ RunTime:0.0005s ]
SQL: SELECT * FROM `ctf_answer` WHERE `pid` = 12 AND `status` = 1  [ RunTime:0.0002s ]
SQL: SELECT COUNT(*) AS tp_Count FROM `ctf_answer` LIMIT 1   [ RunTime:0.0001s ]
NOTIC: [8] Undefined offset: 0 /Users/bingdaojueai/sixwhale/PHP-Object/Application/Admin/Controller/UsersController.class.php 第 82 行.
NOTIC: [8] Undefined offset: 0 /Users/bingdaojueai/sixwhale/PHP-Object/Application/Admin/Controller/UsersController.class.php 第 84 行.
NOTIC: [8] Undefined offset: 1 /Users/bingdaojueai/sixwhale/PHP-Object/Application/Admin/Controller/UsersController.class.php 第 84 行.
SQL: UPDATE `ctf_subject` SET `firstblood`=NULL WHERE `pid` = 12 [ RunTime:0.0005s ]
SQL: SELECT * FROM `ctf_answer` WHERE `pid` = 13 AND `status` = 1  [ RunTime:0.0002s ]
SQL: SELECT COUNT(*) AS tp_Count FROM `ctf_answer` LIMIT 1   [ RunTime:0.0003s ]
NOTIC: [8] Undefined offset: 0 /Users/bingdaojueai/sixwhale/PHP-Object/Application/Admin/Controller/UsersController.class.php 第 82 行.
NOTIC: [8] Undefined offset: 0 /Users/bingdaojueai/sixwhale/PHP-Object/Application/Admin/Controller/UsersController.class.php 第 84 行.
NOTIC: [8] Undefined offset: 1 /Users/bingdaojueai/sixwhale/PHP-Object/Application/Admin/Controller/UsersController.class.php 第 84 行.
SQL: UPDATE `ctf_subject` SET `firstblood`=NULL WHERE `pid` = 13 [ RunTime:0.0005s ]
SQL: SELECT * FROM `ctf_answer` WHERE `pid` = 14 AND `status` = 1  [ RunTime:0.0002s ]
SQL: SELECT COUNT(*) AS tp_Count FROM `ctf_answer` LIMIT 1   [ RunTime:0.0002s ]
NOTIC: [8] Undefined offset: 0 /Users/bingdaojueai/sixwhale/PHP-Object/Application/Admin/Controller/UsersController.class.php 第 82 行.
NOTIC: [8] Undefined offset: 0 /Users/bingdaojueai/sixwhale/PHP-Object/Application/Admin/Controller/UsersController.class.php 第 84 行.
NOTIC: [8] Undefined offset: 1 /Users/bingdaojueai/sixwhale/PHP-Object/Application/Admin/Controller/UsersController.class.php 第 84 行.
SQL: UPDATE `ctf_subject` SET `firstblood`=NULL WHERE `pid` = 14 [ RunTime:0.0005s ]
SQL: SELECT * FROM `ctf_answer` WHERE `pid` = 15 AND `status` = 1  [ RunTime:0.0002s ]
SQL: SELECT COUNT(*) AS tp_Count FROM `ctf_answer` LIMIT 1   [ RunTime:0.0001s ]
NOTIC: [8] Undefined offset: 0 /Users/bingdaojueai/sixwhale/PHP-Object/Application/Admin/Controller/UsersController.class.php 第 82 行.
NOTIC: [8] Undefined offset: 0 /Users/bingdaojueai/sixwhale/PHP-Object/Application/Admin/Controller/UsersController.class.php 第 84 行.
NOTIC: [8] Undefined offset: 1 /Users/bingdaojueai/sixwhale/PHP-Object/Application/Admin/Controller/UsersController.class.php 第 84 行.
SQL: UPDATE `ctf_subject` SET `firstblood`=NULL WHERE `pid` = 15 [ RunTime:0.0005s ]
SQL: SELECT * FROM `ctf_answer` WHERE `pid` = 16 AND `status` = 1  [ RunTime:0.0002s ]
SQL: SELECT COUNT(*) AS tp_Count FROM `ctf_answer` LIMIT 1   [ RunTime:0.0001s ]
NOTIC: [8] Undefined offset: 0 /Users/bingdaojueai/sixwhale/PHP-Object/Application/Admin/Controller/UsersController.class.php 第 82 行.
NOTIC: [8] Undefined offset: 0 /Users/bingdaojueai/sixwhale/PHP-Object/Application/Admin/Controller/UsersController.class.php 第 84 行.
NOTIC: [8] Undefined offset: 1 /Users/bingdaojueai/sixwhale/PHP-Object/Application/Admin/Controller/UsersController.class.php 第 84 行.
SQL: UPDATE `ctf_subject` SET `firstblood`=NULL WHERE `pid` = 16 [ RunTime:0.0005s ]
INFO: [ view_parse ] --START--
INFO: [ template_filter ] --START--
INFO: Run Behavior\ContentReplaceBehavior [ RunTime:0.000063s ]
INFO: [ template_filter ] --END-- [ RunTime:0.000128s ]
INFO: Run Behavior\ParseTemplateBehavior [ RunTime:0.011760s ]
INFO: [ view_parse ] --END-- [ RunTime:0.011823s ]
INFO: [ view_filter ] --START--
INFO: Run Behavior\WriteHtmlCacheBehavior [ RunTime:0.000156s ]
INFO: [ view_filter ] --END-- [ RunTime:0.000206s ]
INFO: [ app_end ] --START--
INFO: Run Behavior\ShowPageTraceBehavior [ RunTime:0.000770s ]
INFO: [ app_end ] --END-- [ RunTime:0.000864s ]

